<?xml version="1.0" encoding="UTF-8"?>
<!-- Generated by org.testng.reporters.JUnitXMLReporter -->
<testsuite ignored="12" hostname="LAPTOP-TCIAROPJ" failures="1" tests="2" name="Test" time="52.23" errors="0" timestamp="2024-01-01T23:28:01 IST">
  <testcase classname="testng_package.Practice2" name="jacket_add_card" time="20.37"/>
  <testcase classname="testng_package.Practice2" name="shoping_card" time="10.199">
    <failure type="org.openqa.selenium.NoSuchElementException" message="no such element: Unable to locate element: {&amp;quot;method&amp;quot;:&amp;quot;xpath&amp;quot;,&amp;quot;selector&amp;quot;:&amp;quot;//*[@id=&amp;quot;top-cart-btn-checkout&amp;quot;]&amp;quot;}
  (Session info: chrome=120.0.6099.130)
For documentation on this error, please visit: https://www.selenium.dev/documentation/webdriver/troubleshooting/errors#no-such-element-exception
Build info: version: &amp;apos;4.15.0&amp;apos;, revision: &amp;apos;1d14b5521b&amp;apos;
System info: os.name: &amp;apos;Windows 11&amp;apos;, os.arch: &amp;apos;amd64&amp;apos;, os.version: &amp;apos;10.0&amp;apos;, java.version: &amp;apos;17.0.9&amp;apos;
Driver info: org.openqa.selenium.chrome.ChromeDriver
Command: [554d77d08c0d647e24e425ba31c0c30e, findElement {using=xpath, value=//*[@id=&amp;quot;top-cart-btn-checkout&amp;quot;]}]
Capabilities {acceptInsecureCerts: false, browserName: chrome, browserVersion: 120.0.6099.130, chrome: {chromedriverVersion: 120.0.6099.109 (3419140ab66..., userDataDir: C:\Users\PAVANK~1\AppData\L...}, fedcm:accounts: true, goog:chromeOptions: {debuggerAddress: localhost:57272}, networkConnectionEnabled: false, pageLoadStrategy: normal, platformName: windows, proxy: Proxy(), se:cdp: ws://localhost:57272/devtoo..., se:cdpVersion: 120.0.6099.130, setWindowRect: true, strictFileInteractability: false, timeouts: {implicit: 0, pageLoad: 300000, script: 30000}, unhandledPromptBehavior: dismiss and notify, webauthn:extension:credBlob: true, webauthn:extension:largeBlob: true, webauthn:extension:minPinLength: true, webauthn:extension:prf: true, webauthn:virtualAuthenticators: true}
Session ID: 554d77d08c0d647e24e425ba31c0c30e">
      <![CDATA[org.openqa.selenium.NoSuchElementException: no such element: Unable to locate element: {"method":"xpath","selector":"//*[@id="top-cart-btn-checkout"]"}
  (Session info: chrome=120.0.6099.130)
For documentation on this error, please visit: https://www.selenium.dev/documentation/webdriver/troubleshooting/errors#no-such-element-exception
Build info: version: '4.15.0', revision: '1d14b5521b'
System info: os.name: 'Windows 11', os.arch: 'amd64', os.version: '10.0', java.version: '17.0.9'
Driver info: org.openqa.selenium.chrome.ChromeDriver
Command: [554d77d08c0d647e24e425ba31c0c30e, findElement {using=xpath, value=//*[@id="top-cart-btn-checkout"]}]
Capabilities {acceptInsecureCerts: false, browserName: chrome, browserVersion: 120.0.6099.130, chrome: {chromedriverVersion: 120.0.6099.109 (3419140ab66..., userDataDir: C:\Users\PAVANK~1\AppData\L...}, fedcm:accounts: true, goog:chromeOptions: {debuggerAddress: localhost:57272}, networkConnectionEnabled: false, pageLoadStrategy: normal, platformName: windows, proxy: Proxy(), se:cdp: ws://localhost:57272/devtoo..., se:cdpVersion: 120.0.6099.130, setWindowRect: true, strictFileInteractability: false, timeouts: {implicit: 0, pageLoad: 300000, script: 30000}, unhandledPromptBehavior: dismiss and notify, webauthn:extension:credBlob: true, webauthn:extension:largeBlob: true, webauthn:extension:minPinLength: true, webauthn:extension:prf: true, webauthn:virtualAuthenticators: true}
Session ID: 554d77d08c0d647e24e425ba31c0c30e
at org.openqa.selenium.remote.codec.w3c.W3CHttpResponseCodec.createException(W3CHttpResponseCodec.java:200)
at org.openqa.selenium.remote.codec.w3c.W3CHttpResponseCodec.decode(W3CHttpResponseCodec.java:133)
at org.openqa.selenium.remote.codec.w3c.W3CHttpResponseCodec.decode(W3CHttpResponseCodec.java:52)
at org.openqa.selenium.remote.HttpCommandExecutor.execute(HttpCommandExecutor.java:191)
at org.openqa.selenium.remote.service.DriverCommandExecutor.invokeExecute(DriverCommandExecutor.java:200)
at org.openqa.selenium.remote.service.DriverCommandExecutor.execute(DriverCommandExecutor.java:175)
at org.openqa.selenium.remote.RemoteWebDriver.execute(RemoteWebDriver.java:607)
at org.openqa.selenium.remote.ElementLocation$ElementFinder$2.findElement(ElementLocation.java:165)
at org.openqa.selenium.remote.ElementLocation.findElement(ElementLocation.java:59)
at org.openqa.selenium.remote.RemoteWebDriver.findElement(RemoteWebDriver.java:364)
at org.openqa.selenium.remote.RemoteWebDriver.findElement(RemoteWebDriver.java:358)
at testng_package.Practice2.shoping_card(Practice2.java:257)
at java.base/java.util.ArrayList.forEach(ArrayList.java:1511)
... Removed 32 stack frames]]>
    </failure>
  </testcase> <!-- shoping_card -->
  <testcase classname="testng_package.Practice2" name="jacket_title" time="0.0">
    <ignored/>
  </testcase> <!-- jacket_title -->
  <testcase classname="testng_package.Practice2" name="hoodie_title_verified" time="0.0">
    <ignored/>
  </testcase> <!-- hoodie_title_verified -->
  <testcase classname="testng_package.Practice2" name="tees_title" time="0.0">
    <ignored/>
  </testcase> <!-- tees_title -->
  <testcase classname="testng_package.Practice2" name="tanks_title" time="0.0">
    <ignored/>
  </testcase> <!-- tanks_title -->
  <testcase classname="testng_package.Practice2" name="pants_add_card" time="0.0">
    <ignored/>
  </testcase> <!-- pants_add_card -->
  <testcase classname="testng_package.Practice2" name="registration" time="0.0">
    <ignored/>
  </testcase> <!-- registration -->
  <testcase classname="testng_package.Practice2" name="pants_title" time="0.0">
    <ignored/>
  </testcase> <!-- pants_title -->
  <testcase classname="testng_package.Practice2" name="hoodie_title" time="0.0">
    <ignored/>
  </testcase> <!-- hoodie_title -->
  <testcase classname="testng_package.Practice2" name="shorts_title" time="0.0">
    <ignored/>
  </testcase> <!-- shorts_title -->
  <testcase classname="testng_package.Practice2" name="login" time="0.0">
    <ignored/>
  </testcase> <!-- login -->
  <testcase classname="testng_package.Practice2" name="tees_add_card" time="0.0">
    <ignored/>
  </testcase> <!-- tees_add_card -->
  <testcase classname="testng_package.Practice2" name="shorts_add_card" time="0.0">
    <ignored/>
  </testcase> <!-- shorts_add_card -->
</testsuite> <!-- Test -->
